

Processing InfoController#properties (for 127.0.0.1 at 2008-03-06 18:11:20) [GET]
  Session ID: 275e6106c389b47ad4da0305a17f566f
  Parameters: {"action"=>"properties", "controller"=>"rails/info"}
  [4;36;1mSQL (0.000000)[0m   [0;1mSQLite3::SQLException: no such table: schema_info: SELECT version FROM schema_info[0m
Completed in 0.15114 (6 reqs/sec) | Rendering: 0.00243 (1%) | DB: 0.00000 (0%) | 200 OK [http://localhost/rails/info/properties]


Processing InfoController#properties (for 127.0.0.1 at 2008-03-06 18:15:38) [GET]
  Session ID: BAh7BiIKZmxhc2hJQzonQWN0aW9uQ29udHJvbGxlcjo6Rmxhc2g6OkZsYXNo%0ASGFzaHsABjoKQHVzZWR7AA%3D%3D--9bb9e91e8720fc652cd3a6e4998b95b8fd3d9296
  Parameters: {"action"=>"properties", "controller"=>"rails/info"}
  [4;36;1mSQL (0.000000)[0m   [0;1mSQLite3::SQLException: no such table: schema_info: SELECT version FROM schema_info[0m
Completed in 0.03924 (25 reqs/sec) | Rendering: 0.00245 (6%) | DB: 0.00000 (0%) | 200 OK [http://localhost/rails/info/properties]


Processing ApplicationController#index (for 127.0.0.1 at 2008-03-06 18:15:47) [GET]
  Session ID: BAh7BiIKZmxhc2hJQzonQWN0aW9uQ29udHJvbGxlcjo6Rmxhc2g6OkZsYXNo%0ASGFzaHsABjoKQHVzZWR7AA%3D%3D--9bb9e91e8720fc652cd3a6e4998b95b8fd3d9296
  Parameters: {}


ActionController::RoutingError (No route matches "/post" with {:method=>:get}):
    /var/lib/gems/1.8/gems/actionpack-2.0.2/lib/action_controller/routing.rb:1441:in `recognize_path'
    /var/lib/gems/1.8/gems/actionpack-2.0.2/lib/action_controller/routing.rb:1424:in `recognize'
    /var/lib/gems/1.8/gems/actionpack-2.0.2/lib/action_controller/dispatcher.rb:170:in `handle_request'
    /var/lib/gems/1.8/gems/actionpack-2.0.2/lib/action_controller/dispatcher.rb:115:in `dispatch'
    /var/lib/gems/1.8/gems/actionpack-2.0.2/lib/action_controller/dispatcher.rb:126:in `dispatch_cgi'
    /var/lib/gems/1.8/gems/actionpack-2.0.2/lib/action_controller/dispatcher.rb:9:in `dispatch'
    /var/lib/gems/1.8/gems/rails-2.0.2/lib/webrick_server.rb:112:in `handle_dispatch'
    /var/lib/gems/1.8/gems/rails-2.0.2/lib/webrick_server.rb:78:in `service'
    /usr/lib/ruby/1.8/webrick/httpserver.rb:104:in `service'
    /usr/lib/ruby/1.8/webrick/httpserver.rb:65:in `run'
    /usr/lib/ruby/1.8/webrick/server.rb:173:in `start_thread'
    /usr/lib/ruby/1.8/webrick/server.rb:162:in `start'
    /usr/lib/ruby/1.8/webrick/server.rb:162:in `start_thread'
    /usr/lib/ruby/1.8/webrick/server.rb:95:in `start'
    /usr/lib/ruby/1.8/webrick/server.rb:92:in `each'
    /usr/lib/ruby/1.8/webrick/server.rb:92:in `start'
    /usr/lib/ruby/1.8/webrick/server.rb:23:in `start'
    /usr/lib/ruby/1.8/webrick/server.rb:82:in `start'
    /var/lib/gems/1.8/gems/rails-2.0.2/lib/webrick_server.rb:62:in `dispatch'
    /var/lib/gems/1.8/gems/rails-2.0.2/lib/commands/servers/webrick.rb:66
    /usr/lib/ruby/1.8/rubygems/custom_require.rb:27:in `gem_original_require'
    /usr/lib/ruby/1.8/rubygems/custom_require.rb:27:in `require'
    /var/lib/gems/1.8/gems/activesupport-2.0.2/lib/active_support/dependencies.rb:496:in `require'
    /var/lib/gems/1.8/gems/activesupport-2.0.2/lib/active_support/dependencies.rb:342:in `new_constants_in'
    /var/lib/gems/1.8/gems/activesupport-2.0.2/lib/active_support/dependencies.rb:496:in `require'
    /var/lib/gems/1.8/gems/rails-2.0.2/lib/commands/server.rb:39
    /usr/lib/ruby/1.8/rubygems/custom_require.rb:27:in `gem_original_require'
    /usr/lib/ruby/1.8/rubygems/custom_require.rb:27:in `require'
    script/server:3

Rendering /var/lib/gems/1.8/gems/actionpack-2.0.2/lib/action_controller/templates/rescues/layout.erb (not_found)


Processing ApplicationController#index (for 127.0.0.1 at 2008-03-06 18:15:53) [GET]
  Session ID: BAh7BiIKZmxhc2hJQzonQWN0aW9uQ29udHJvbGxlcjo6Rmxhc2g6OkZsYXNo%0ASGFzaHsABjoKQHVzZWR7AA%3D%3D--9bb9e91e8720fc652cd3a6e4998b95b8fd3d9296
  Parameters: {}


ActionController::RoutingError (No route matches "/post/show/1" with {:method=>:get}):
    /var/lib/gems/1.8/gems/actionpack-2.0.2/lib/action_controller/routing.rb:1441:in `recognize_path'
    /var/lib/gems/1.8/gems/actionpack-2.0.2/lib/action_controller/routing.rb:1424:in `recognize'
    /var/lib/gems/1.8/gems/actionpack-2.0.2/lib/action_controller/dispatcher.rb:170:in `handle_request'
    /var/lib/gems/1.8/gems/actionpack-2.0.2/lib/action_controller/dispatcher.rb:115:in `dispatch'
    /var/lib/gems/1.8/gems/actionpack-2.0.2/lib/action_controller/dispatcher.rb:126:in `dispatch_cgi'
    /var/lib/gems/1.8/gems/actionpack-2.0.2/lib/action_controller/dispatcher.rb:9:in `dispatch'
    /var/lib/gems/1.8/gems/rails-2.0.2/lib/webrick_server.rb:112:in `handle_dispatch'
    /var/lib/gems/1.8/gems/rails-2.0.2/lib/webrick_server.rb:78:in `service'
    /usr/lib/ruby/1.8/webrick/httpserver.rb:104:in `service'
    /usr/lib/ruby/1.8/webrick/httpserver.rb:65:in `run'
    /usr/lib/ruby/1.8/webrick/server.rb:173:in `start_thread'
    /usr/lib/ruby/1.8/webrick/server.rb:162:in `start'
    /usr/lib/ruby/1.8/webrick/server.rb:162:in `start_thread'
    /usr/lib/ruby/1.8/webrick/server.rb:95:in `start'
    /usr/lib/ruby/1.8/webrick/server.rb:92:in `each'
    /usr/lib/ruby/1.8/webrick/server.rb:92:in `start'
    /usr/lib/ruby/1.8/webrick/server.rb:23:in `start'
    /usr/lib/ruby/1.8/webrick/server.rb:82:in `start'
    /var/lib/gems/1.8/gems/rails-2.0.2/lib/webrick_server.rb:62:in `dispatch'
    /var/lib/gems/1.8/gems/rails-2.0.2/lib/commands/servers/webrick.rb:66
    /usr/lib/ruby/1.8/rubygems/custom_require.rb:27:in `gem_original_require'
    /usr/lib/ruby/1.8/rubygems/custom_require.rb:27:in `require'
    /var/lib/gems/1.8/gems/activesupport-2.0.2/lib/active_support/dependencies.rb:496:in `require'
    /var/lib/gems/1.8/gems/activesupport-2.0.2/lib/active_support/dependencies.rb:342:in `new_constants_in'
    /var/lib/gems/1.8/gems/activesupport-2.0.2/lib/active_support/dependencies.rb:496:in `require'
    /var/lib/gems/1.8/gems/rails-2.0.2/lib/commands/server.rb:39
    /usr/lib/ruby/1.8/rubygems/custom_require.rb:27:in `gem_original_require'
    /usr/lib/ruby/1.8/rubygems/custom_require.rb:27:in `require'
    script/server:3

Rendering /var/lib/gems/1.8/gems/actionpack-2.0.2/lib/action_controller/templates/rescues/layout.erb (not_found)


Processing ApplicationController#index (for 127.0.0.1 at 2008-03-06 18:16:53) [GET]
  Session ID: BAh7BiIKZmxhc2hJQzonQWN0aW9uQ29udHJvbGxlcjo6Rmxhc2g6OkZsYXNo%0ASGFzaHsABjoKQHVzZWR7AA%3D%3D--9bb9e91e8720fc652cd3a6e4998b95b8fd3d9296
  Parameters: {}


ActionController::RoutingError (No route matches "/post/show/" with {:method=>:get}):
    /var/lib/gems/1.8/gems/actionpack-2.0.2/lib/action_controller/routing.rb:1441:in `recognize_path'
    /var/lib/gems/1.8/gems/actionpack-2.0.2/lib/action_controller/routing.rb:1424:in `recognize'
    /var/lib/gems/1.8/gems/actionpack-2.0.2/lib/action_controller/dispatcher.rb:170:in `handle_request'
    /var/lib/gems/1.8/gems/actionpack-2.0.2/lib/action_controller/dispatcher.rb:115:in `dispatch'
    /var/lib/gems/1.8/gems/actionpack-2.0.2/lib/action_controller/dispatcher.rb:126:in `dispatch_cgi'
    /var/lib/gems/1.8/gems/actionpack-2.0.2/lib/action_controller/dispatcher.rb:9:in `dispatch'
    /var/lib/gems/1.8/gems/rails-2.0.2/lib/webrick_server.rb:112:in `handle_dispatch'
    /var/lib/gems/1.8/gems/rails-2.0.2/lib/webrick_server.rb:78:in `service'
    /usr/lib/ruby/1.8/webrick/httpserver.rb:104:in `service'
    /usr/lib/ruby/1.8/webrick/httpserver.rb:65:in `run'
    /usr/lib/ruby/1.8/webrick/server.rb:173:in `start_thread'
    /usr/lib/ruby/1.8/webrick/server.rb:162:in `start'
    /usr/lib/ruby/1.8/webrick/server.rb:162:in `start_thread'
    /usr/lib/ruby/1.8/webrick/server.rb:95:in `start'
    /usr/lib/ruby/1.8/webrick/server.rb:92:in `each'
    /usr/lib/ruby/1.8/webrick/server.rb:92:in `start'
    /usr/lib/ruby/1.8/webrick/server.rb:23:in `start'
    /usr/lib/ruby/1.8/webrick/server.rb:82:in `start'
    /var/lib/gems/1.8/gems/rails-2.0.2/lib/webrick_server.rb:62:in `dispatch'
    /var/lib/gems/1.8/gems/rails-2.0.2/lib/commands/servers/webrick.rb:66
    /usr/lib/ruby/1.8/rubygems/custom_require.rb:27:in `gem_original_require'
    /usr/lib/ruby/1.8/rubygems/custom_require.rb:27:in `require'
    /var/lib/gems/1.8/gems/activesupport-2.0.2/lib/active_support/dependencies.rb:496:in `require'
    /var/lib/gems/1.8/gems/activesupport-2.0.2/lib/active_support/dependencies.rb:342:in `new_constants_in'
    /var/lib/gems/1.8/gems/activesupport-2.0.2/lib/active_support/dependencies.rb:496:in `require'
    /var/lib/gems/1.8/gems/rails-2.0.2/lib/commands/server.rb:39
    /usr/lib/ruby/1.8/rubygems/custom_require.rb:27:in `gem_original_require'
    /usr/lib/ruby/1.8/rubygems/custom_require.rb:27:in `require'
    script/server:3

Rendering /var/lib/gems/1.8/gems/actionpack-2.0.2/lib/action_controller/templates/rescues/layout.erb (not_found)


Processing ApplicationController#index (for 127.0.0.1 at 2008-03-06 18:16:56) [GET]
  Session ID: BAh7BiIKZmxhc2hJQzonQWN0aW9uQ29udHJvbGxlcjo6Rmxhc2g6OkZsYXNo%0ASGFzaHsABjoKQHVzZWR7AA%3D%3D--9bb9e91e8720fc652cd3a6e4998b95b8fd3d9296
  Parameters: {}


ActionController::RoutingError (No route matches "/post/show/" with {:method=>:get}):
    /var/lib/gems/1.8/gems/actionpack-2.0.2/lib/action_controller/routing.rb:1441:in `recognize_path'
    /var/lib/gems/1.8/gems/actionpack-2.0.2/lib/action_controller/routing.rb:1424:in `recognize'
    /var/lib/gems/1.8/gems/actionpack-2.0.2/lib/action_controller/dispatcher.rb:170:in `handle_request'
    /var/lib/gems/1.8/gems/actionpack-2.0.2/lib/action_controller/dispatcher.rb:115:in `dispatch'
    /var/lib/gems/1.8/gems/actionpack-2.0.2/lib/action_controller/dispatcher.rb:126:in `dispatch_cgi'
    /var/lib/gems/1.8/gems/actionpack-2.0.2/lib/action_controller/dispatcher.rb:9:in `dispatch'
    /var/lib/gems/1.8/gems/rails-2.0.2/lib/webrick_server.rb:112:in `handle_dispatch'
    /var/lib/gems/1.8/gems/rails-2.0.2/lib/webrick_server.rb:78:in `service'
    /usr/lib/ruby/1.8/webrick/httpserver.rb:104:in `service'
    /usr/lib/ruby/1.8/webrick/httpserver.rb:65:in `run'
    /usr/lib/ruby/1.8/webrick/server.rb:173:in `start_thread'
    /usr/lib/ruby/1.8/webrick/server.rb:162:in `start'
    /usr/lib/ruby/1.8/webrick/server.rb:162:in `start_thread'
    /usr/lib/ruby/1.8/webrick/server.rb:95:in `start'
    /usr/lib/ruby/1.8/webrick/server.rb:92:in `each'
    /usr/lib/ruby/1.8/webrick/server.rb:92:in `start'
    /usr/lib/ruby/1.8/webrick/server.rb:23:in `start'
    /usr/lib/ruby/1.8/webrick/server.rb:82:in `start'
    /var/lib/gems/1.8/gems/rails-2.0.2/lib/webrick_server.rb:62:in `dispatch'
    /var/lib/gems/1.8/gems/rails-2.0.2/lib/commands/servers/webrick.rb:66
    /usr/lib/ruby/1.8/rubygems/custom_require.rb:27:in `gem_original_require'
    /usr/lib/ruby/1.8/rubygems/custom_require.rb:27:in `require'
    /var/lib/gems/1.8/gems/activesupport-2.0.2/lib/active_support/dependencies.rb:496:in `require'
    /var/lib/gems/1.8/gems/activesupport-2.0.2/lib/active_support/dependencies.rb:342:in `new_constants_in'
    /var/lib/gems/1.8/gems/activesupport-2.0.2/lib/active_support/dependencies.rb:496:in `require'
    /var/lib/gems/1.8/gems/rails-2.0.2/lib/commands/server.rb:39
    /usr/lib/ruby/1.8/rubygems/custom_require.rb:27:in `gem_original_require'
    /usr/lib/ruby/1.8/rubygems/custom_require.rb:27:in `require'
    script/server:3

Rendering /var/lib/gems/1.8/gems/actionpack-2.0.2/lib/action_controller/templates/rescues/layout.erb (not_found)


Processing ApplicationController#index (for 127.0.0.1 at 2008-03-06 18:17:00) [GET]
  Session ID: BAh7BiIKZmxhc2hJQzonQWN0aW9uQ29udHJvbGxlcjo6Rmxhc2g6OkZsYXNo%0ASGFzaHsABjoKQHVzZWR7AA%3D%3D--9bb9e91e8720fc652cd3a6e4998b95b8fd3d9296
  Parameters: {}


ActionController::RoutingError (No route matches "/post/" with {:method=>:get}):
    /var/lib/gems/1.8/gems/actionpack-2.0.2/lib/action_controller/routing.rb:1441:in `recognize_path'
    /var/lib/gems/1.8/gems/actionpack-2.0.2/lib/action_controller/routing.rb:1424:in `recognize'
    /var/lib/gems/1.8/gems/actionpack-2.0.2/lib/action_controller/dispatcher.rb:170:in `handle_request'
    /var/lib/gems/1.8/gems/actionpack-2.0.2/lib/action_controller/dispatcher.rb:115:in `dispatch'
    /var/lib/gems/1.8/gems/actionpack-2.0.2/lib/action_controller/dispatcher.rb:126:in `dispatch_cgi'
    /var/lib/gems/1.8/gems/actionpack-2.0.2/lib/action_controller/dispatcher.rb:9:in `dispatch'
    /var/lib/gems/1.8/gems/rails-2.0.2/lib/webrick_server.rb:112:in `handle_dispatch'
    /var/lib/gems/1.8/gems/rails-2.0.2/lib/webrick_server.rb:78:in `service'
    /usr/lib/ruby/1.8/webrick/httpserver.rb:104:in `service'
    /usr/lib/ruby/1.8/webrick/httpserver.rb:65:in `run'
    /usr/lib/ruby/1.8/webrick/server.rb:173:in `start_thread'
    /usr/lib/ruby/1.8/webrick/server.rb:162:in `start'
    /usr/lib/ruby/1.8/webrick/server.rb:162:in `start_thread'
    /usr/lib/ruby/1.8/webrick/server.rb:95:in `start'
    /usr/lib/ruby/1.8/webrick/server.rb:92:in `each'
    /usr/lib/ruby/1.8/webrick/server.rb:92:in `start'
    /usr/lib/ruby/1.8/webrick/server.rb:23:in `start'
    /usr/lib/ruby/1.8/webrick/server.rb:82:in `start'
    /var/lib/gems/1.8/gems/rails-2.0.2/lib/webrick_server.rb:62:in `dispatch'
    /var/lib/gems/1.8/gems/rails-2.0.2/lib/commands/servers/webrick.rb:66
    /usr/lib/ruby/1.8/rubygems/custom_require.rb:27:in `gem_original_require'
    /usr/lib/ruby/1.8/rubygems/custom_require.rb:27:in `require'
    /var/lib/gems/1.8/gems/activesupport-2.0.2/lib/active_support/dependencies.rb:496:in `require'
    /var/lib/gems/1.8/gems/activesupport-2.0.2/lib/active_support/dependencies.rb:342:in `new_constants_in'
    /var/lib/gems/1.8/gems/activesupport-2.0.2/lib/active_support/dependencies.rb:496:in `require'
    /var/lib/gems/1.8/gems/rails-2.0.2/lib/commands/server.rb:39
    /usr/lib/ruby/1.8/rubygems/custom_require.rb:27:in `gem_original_require'
    /usr/lib/ruby/1.8/rubygems/custom_require.rb:27:in `require'
    script/server:3

Rendering /var/lib/gems/1.8/gems/actionpack-2.0.2/lib/action_controller/templates/rescues/layout.erb (not_found)
  [4;36;1mSQL (0.001024)[0m   [0;1mselect sqlite_version(*)[0m
  [4;35;1mSQL (0.010820)[0m   [0mCREATE TABLE schema_info (version integer)[0m
  [4;36;1mSQL (0.002842)[0m   [0;1mINSERT INTO schema_info (version) VALUES(0)[0m
  [4;35;1mSQL (0.000000)[0m   [0mSQLite3::SQLException: table schema_info already exists: CREATE TABLE schema_info (version integer)[0m
  [4;36;1mSQL (0.000761)[0m   [0;1mSELECT version FROM schema_info[0m
Migrating to CreatePosts (1)
  [4;35;1mSQL (0.004344)[0m   [0mCREATE TABLE posts ("id" INTEGER PRIMARY KEY AUTOINCREMENT NOT NULL, "title" varchar(255) DEFAULT NULL, "body" text DEFAULT NULL, "published" boolean DEFAULT NULL, "created_at" datetime DEFAULT NULL, "updated_at" datetime DEFAULT NULL) [0m
  [4;36;1mSQL (0.002452)[0m   [0;1mUPDATE schema_info SET version = 1[0m
  [4;35;1mSQL (0.000750)[0m   [0mSELECT * FROM schema_info[0m
  [4;36;1mSQL (0.000996)[0m   [0;1m SELECT name
 FROM sqlite_master
 WHERE type = 'table' AND NOT name = 'sqlite_sequence'
[0m
  [4;35;1mSQL (0.000271)[0m   [0mPRAGMA index_list(posts)[0m


Processing ApplicationController#index (for 127.0.0.1 at 2008-03-06 18:17:39) [GET]
  Session ID: BAh7BiIKZmxhc2hJQzonQWN0aW9uQ29udHJvbGxlcjo6Rmxhc2g6OkZsYXNo%0ASGFzaHsABjoKQHVzZWR7AA%3D%3D--9bb9e91e8720fc652cd3a6e4998b95b8fd3d9296
  Parameters: {}


ActionController::RoutingError (No route matches "/post/" with {:method=>:get}):
    /var/lib/gems/1.8/gems/actionpack-2.0.2/lib/action_controller/routing.rb:1441:in `recognize_path'
    /var/lib/gems/1.8/gems/actionpack-2.0.2/lib/action_controller/routing.rb:1424:in `recognize'
    /var/lib/gems/1.8/gems/actionpack-2.0.2/lib/action_controller/dispatcher.rb:170:in `handle_request'
    /var/lib/gems/1.8/gems/actionpack-2.0.2/lib/action_controller/dispatcher.rb:115:in `dispatch'
    /var/lib/gems/1.8/gems/actionpack-2.0.2/lib/action_controller/dispatcher.rb:126:in `dispatch_cgi'
    /var/lib/gems/1.8/gems/actionpack-2.0.2/lib/action_controller/dispatcher.rb:9:in `dispatch'
    /var/lib/gems/1.8/gems/rails-2.0.2/lib/webrick_server.rb:112:in `handle_dispatch'
    /var/lib/gems/1.8/gems/rails-2.0.2/lib/webrick_server.rb:78:in `service'
    /usr/lib/ruby/1.8/webrick/httpserver.rb:104:in `service'
    /usr/lib/ruby/1.8/webrick/httpserver.rb:65:in `run'
    /usr/lib/ruby/1.8/webrick/server.rb:173:in `start_thread'
    /usr/lib/ruby/1.8/webrick/server.rb:162:in `start'
    /usr/lib/ruby/1.8/webrick/server.rb:162:in `start_thread'
    /usr/lib/ruby/1.8/webrick/server.rb:95:in `start'
    /usr/lib/ruby/1.8/webrick/server.rb:92:in `each'
    /usr/lib/ruby/1.8/webrick/server.rb:92:in `start'
    /usr/lib/ruby/1.8/webrick/server.rb:23:in `start'
    /usr/lib/ruby/1.8/webrick/server.rb:82:in `start'
    /var/lib/gems/1.8/gems/rails-2.0.2/lib/webrick_server.rb:62:in `dispatch'
    /var/lib/gems/1.8/gems/rails-2.0.2/lib/commands/servers/webrick.rb:66
    /usr/lib/ruby/1.8/rubygems/custom_require.rb:27:in `gem_original_require'
    /usr/lib/ruby/1.8/rubygems/custom_require.rb:27:in `require'
    /var/lib/gems/1.8/gems/activesupport-2.0.2/lib/active_support/dependencies.rb:496:in `require'
    /var/lib/gems/1.8/gems/activesupport-2.0.2/lib/active_support/dependencies.rb:342:in `new_constants_in'
    /var/lib/gems/1.8/gems/activesupport-2.0.2/lib/active_support/dependencies.rb:496:in `require'
    /var/lib/gems/1.8/gems/rails-2.0.2/lib/commands/server.rb:39
    /usr/lib/ruby/1.8/rubygems/custom_require.rb:27:in `gem_original_require'
    /usr/lib/ruby/1.8/rubygems/custom_require.rb:27:in `require'
    script/server:3

Rendering /var/lib/gems/1.8/gems/actionpack-2.0.2/lib/action_controller/templates/rescues/layout.erb (not_found)


Processing ApplicationController#index (for 127.0.0.1 at 2008-03-06 18:17:43) [GET]
  Session ID: BAh7BiIKZmxhc2hJQzonQWN0aW9uQ29udHJvbGxlcjo6Rmxhc2g6OkZsYXNo%0ASGFzaHsABjoKQHVzZWR7AA%3D%3D--9bb9e91e8720fc652cd3a6e4998b95b8fd3d9296
  Parameters: {}


ActionController::RoutingError (No route matches "/post/show/" with {:method=>:get}):
    /var/lib/gems/1.8/gems/actionpack-2.0.2/lib/action_controller/routing.rb:1441:in `recognize_path'
    /var/lib/gems/1.8/gems/actionpack-2.0.2/lib/action_controller/routing.rb:1424:in `recognize'
    /var/lib/gems/1.8/gems/actionpack-2.0.2/lib/action_controller/dispatcher.rb:170:in `handle_request'
    /var/lib/gems/1.8/gems/actionpack-2.0.2/lib/action_controller/dispatcher.rb:115:in `dispatch'
    /var/lib/gems/1.8/gems/actionpack-2.0.2/lib/action_controller/dispatcher.rb:126:in `dispatch_cgi'
    /var/lib/gems/1.8/gems/actionpack-2.0.2/lib/action_controller/dispatcher.rb:9:in `dispatch'
    /var/lib/gems/1.8/gems/rails-2.0.2/lib/webrick_server.rb:112:in `handle_dispatch'
    /var/lib/gems/1.8/gems/rails-2.0.2/lib/webrick_server.rb:78:in `service'
    /usr/lib/ruby/1.8/webrick/httpserver.rb:104:in `service'
    /usr/lib/ruby/1.8/webrick/httpserver.rb:65:in `run'
    /usr/lib/ruby/1.8/webrick/server.rb:173:in `start_thread'
    /usr/lib/ruby/1.8/webrick/server.rb:162:in `start'
    /usr/lib/ruby/1.8/webrick/server.rb:162:in `start_thread'
    /usr/lib/ruby/1.8/webrick/server.rb:95:in `start'
    /usr/lib/ruby/1.8/webrick/server.rb:92:in `each'
    /usr/lib/ruby/1.8/webrick/server.rb:92:in `start'
    /usr/lib/ruby/1.8/webrick/server.rb:23:in `start'
    /usr/lib/ruby/1.8/webrick/server.rb:82:in `start'
    /var/lib/gems/1.8/gems/rails-2.0.2/lib/webrick_server.rb:62:in `dispatch'
    /var/lib/gems/1.8/gems/rails-2.0.2/lib/commands/servers/webrick.rb:66
    /usr/lib/ruby/1.8/rubygems/custom_require.rb:27:in `gem_original_require'
    /usr/lib/ruby/1.8/rubygems/custom_require.rb:27:in `require'
    /var/lib/gems/1.8/gems/activesupport-2.0.2/lib/active_support/dependencies.rb:496:in `require'
    /var/lib/gems/1.8/gems/activesupport-2.0.2/lib/active_support/dependencies.rb:342:in `new_constants_in'
    /var/lib/gems/1.8/gems/activesupport-2.0.2/lib/active_support/dependencies.rb:496:in `require'
    /var/lib/gems/1.8/gems/rails-2.0.2/lib/commands/server.rb:39
    /usr/lib/ruby/1.8/rubygems/custom_require.rb:27:in `gem_original_require'
    /usr/lib/ruby/1.8/rubygems/custom_require.rb:27:in `require'
    script/server:3

Rendering /var/lib/gems/1.8/gems/actionpack-2.0.2/lib/action_controller/templates/rescues/layout.erb (not_found)
  [4;36;1mSQL (0.000605)[0m   [0;1mselect sqlite_version(*)[0m
  [4;35;1mSQL (0.000000)[0m   [0mSQLite3::SQLException: table schema_info already exists: CREATE TABLE schema_info (version integer)[0m
  [4;36;1mSQL (0.000000)[0m   [0;1mSQLite3::SQLException: table schema_info already exists: CREATE TABLE schema_info (version integer)[0m
  [4;35;1mSQL (0.000482)[0m   [0mSELECT version FROM schema_info[0m
  [4;36;1mSQL (0.000491)[0m   [0;1mSELECT * FROM schema_info[0m
  [4;35;1mSQL (0.000589)[0m   [0m SELECT name
 FROM sqlite_master
 WHERE type = 'table' AND NOT name = 'sqlite_sequence'
[0m
  [4;36;1mSQL (0.000175)[0m   [0;1mPRAGMA index_list(posts)[0m


Processing ApplicationController#index (for 127.0.0.1 at 2008-03-06 18:17:55) [GET]
  Session ID: BAh7BiIKZmxhc2hJQzonQWN0aW9uQ29udHJvbGxlcjo6Rmxhc2g6OkZsYXNo%0ASGFzaHsABjoKQHVzZWR7AA%3D%3D--9bb9e91e8720fc652cd3a6e4998b95b8fd3d9296
  Parameters: {}


ActionController::RoutingError (No route matches "/post/show/" with {:method=>:get}):
    /var/lib/gems/1.8/gems/actionpack-2.0.2/lib/action_controller/routing.rb:1441:in `recognize_path'
    /var/lib/gems/1.8/gems/actionpack-2.0.2/lib/action_controller/routing.rb:1424:in `recognize'
    /var/lib/gems/1.8/gems/actionpack-2.0.2/lib/action_controller/dispatcher.rb:170:in `handle_request'
    /var/lib/gems/1.8/gems/actionpack-2.0.2/lib/action_controller/dispatcher.rb:115:in `dispatch'
    /var/lib/gems/1.8/gems/actionpack-2.0.2/lib/action_controller/dispatcher.rb:126:in `dispatch_cgi'
    /var/lib/gems/1.8/gems/actionpack-2.0.2/lib/action_controller/dispatcher.rb:9:in `dispatch'
    /var/lib/gems/1.8/gems/rails-2.0.2/lib/webrick_server.rb:112:in `handle_dispatch'
    /var/lib/gems/1.8/gems/rails-2.0.2/lib/webrick_server.rb:78:in `service'
    /usr/lib/ruby/1.8/webrick/httpserver.rb:104:in `service'
    /usr/lib/ruby/1.8/webrick/httpserver.rb:65:in `run'
    /usr/lib/ruby/1.8/webrick/server.rb:173:in `start_thread'
    /usr/lib/ruby/1.8/webrick/server.rb:162:in `start'
    /usr/lib/ruby/1.8/webrick/server.rb:162:in `start_thread'
    /usr/lib/ruby/1.8/webrick/server.rb:95:in `start'
    /usr/lib/ruby/1.8/webrick/server.rb:92:in `each'
    /usr/lib/ruby/1.8/webrick/server.rb:92:in `start'
    /usr/lib/ruby/1.8/webrick/server.rb:23:in `start'
    /usr/lib/ruby/1.8/webrick/server.rb:82:in `start'
    /var/lib/gems/1.8/gems/rails-2.0.2/lib/webrick_server.rb:62:in `dispatch'
    /var/lib/gems/1.8/gems/rails-2.0.2/lib/commands/servers/webrick.rb:66
    /usr/lib/ruby/1.8/rubygems/custom_require.rb:27:in `gem_original_require'
    /usr/lib/ruby/1.8/rubygems/custom_require.rb:27:in `require'
    /var/lib/gems/1.8/gems/activesupport-2.0.2/lib/active_support/dependencies.rb:496:in `require'
    /var/lib/gems/1.8/gems/activesupport-2.0.2/lib/active_support/dependencies.rb:342:in `new_constants_in'
    /var/lib/gems/1.8/gems/activesupport-2.0.2/lib/active_support/dependencies.rb:496:in `require'
    /var/lib/gems/1.8/gems/rails-2.0.2/lib/commands/server.rb:39
    /usr/lib/ruby/1.8/rubygems/custom_require.rb:27:in `gem_original_require'
    /usr/lib/ruby/1.8/rubygems/custom_require.rb:27:in `require'
    script/server:3

Rendering /var/lib/gems/1.8/gems/actionpack-2.0.2/lib/action_controller/templates/rescues/layout.erb (not_found)


Processing ApplicationController#index (for 127.0.0.1 at 2008-03-06 18:17:58) [GET]
  Session ID: BAh7BiIKZmxhc2hJQzonQWN0aW9uQ29udHJvbGxlcjo6Rmxhc2g6OkZsYXNo%0ASGFzaHsABjoKQHVzZWR7AA%3D%3D--9bb9e91e8720fc652cd3a6e4998b95b8fd3d9296
  Parameters: {}


ActionController::RoutingError (No route matches "/post/show/1" with {:method=>:get}):
    /var/lib/gems/1.8/gems/actionpack-2.0.2/lib/action_controller/routing.rb:1441:in `recognize_path'
    /var/lib/gems/1.8/gems/actionpack-2.0.2/lib/action_controller/routing.rb:1424:in `recognize'
    /var/lib/gems/1.8/gems/actionpack-2.0.2/lib/action_controller/dispatcher.rb:170:in `handle_request'
    /var/lib/gems/1.8/gems/actionpack-2.0.2/lib/action_controller/dispatcher.rb:115:in `dispatch'
    /var/lib/gems/1.8/gems/actionpack-2.0.2/lib/action_controller/dispatcher.rb:126:in `dispatch_cgi'
    /var/lib/gems/1.8/gems/actionpack-2.0.2/lib/action_controller/dispatcher.rb:9:in `dispatch'
    /var/lib/gems/1.8/gems/rails-2.0.2/lib/webrick_server.rb:112:in `handle_dispatch'
    /var/lib/gems/1.8/gems/rails-2.0.2/lib/webrick_server.rb:78:in `service'
    /usr/lib/ruby/1.8/webrick/httpserver.rb:104:in `service'
    /usr/lib/ruby/1.8/webrick/httpserver.rb:65:in `run'
    /usr/lib/ruby/1.8/webrick/server.rb:173:in `start_thread'
    /usr/lib/ruby/1.8/webrick/server.rb:162:in `start'
    /usr/lib/ruby/1.8/webrick/server.rb:162:in `start_thread'
    /usr/lib/ruby/1.8/webrick/server.rb:95:in `start'
    /usr/lib/ruby/1.8/webrick/server.rb:92:in `each'
    /usr/lib/ruby/1.8/webrick/server.rb:92:in `start'
    /usr/lib/ruby/1.8/webrick/server.rb:23:in `start'
    /usr/lib/ruby/1.8/webrick/server.rb:82:in `start'
    /var/lib/gems/1.8/gems/rails-2.0.2/lib/webrick_server.rb:62:in `dispatch'
    /var/lib/gems/1.8/gems/rails-2.0.2/lib/commands/servers/webrick.rb:66
    /usr/lib/ruby/1.8/rubygems/custom_require.rb:27:in `gem_original_require'
    /usr/lib/ruby/1.8/rubygems/custom_require.rb:27:in `require'
    /var/lib/gems/1.8/gems/activesupport-2.0.2/lib/active_support/dependencies.rb:496:in `require'
    /var/lib/gems/1.8/gems/activesupport-2.0.2/lib/active_support/dependencies.rb:342:in `new_constants_in'
    /var/lib/gems/1.8/gems/activesupport-2.0.2/lib/active_support/dependencies.rb:496:in `require'
    /var/lib/gems/1.8/gems/rails-2.0.2/lib/commands/server.rb:39
    /usr/lib/ruby/1.8/rubygems/custom_require.rb:27:in `gem_original_require'
    /usr/lib/ruby/1.8/rubygems/custom_require.rb:27:in `require'
    script/server:3

Rendering /var/lib/gems/1.8/gems/actionpack-2.0.2/lib/action_controller/templates/rescues/layout.erb (not_found)


Processing PostsController#index (for 127.0.0.1 at 2008-03-06 18:21:33) [GET]
  Session ID: BAh7BiIKZmxhc2hJQzonQWN0aW9uQ29udHJvbGxlcjo6Rmxhc2g6OkZsYXNo%0ASGFzaHsABjoKQHVzZWR7AA%3D%3D--9bb9e91e8720fc652cd3a6e4998b95b8fd3d9296
  Parameters: {"action"=>"index", "controller"=>"posts"}
  [4;35;1mPost Load (0.001098)[0m   [0mSELECT * FROM posts [0m
Rendering template within layouts/posts
Rendering posts/index
Completed in 0.05185 (19 reqs/sec) | Rendering: 0.03650 (70%) | DB: 0.00110 (2%) | 200 OK [http://localhost/posts]


Processing PostsController#new (for 127.0.0.1 at 2008-03-06 18:21:41) [GET]
  Session ID: BAh7BiIKZmxhc2hJQzonQWN0aW9uQ29udHJvbGxlcjo6Rmxhc2g6OkZsYXNo%0ASGFzaHsABjoKQHVzZWR7AA%3D%3D--9bb9e91e8720fc652cd3a6e4998b95b8fd3d9296
  Parameters: {"action"=>"new", "controller"=>"posts"}
Rendering template within layouts/posts
Rendering posts/new
Completed in 0.05478 (18 reqs/sec) | Rendering: 0.03758 (68%) | DB: 0.00000 (0%) | 200 OK [http://localhost/posts/new]


Processing PostsController#create (for 127.0.0.1 at 2008-03-06 18:21:56) [POST]
  Session ID: BAh7BzoMY3NyZl9pZCIlMzcwOTI4YWZkZDcxNmRmNzNkMTc1ZmZlZTdlYzAw%0AMzEiCmZsYXNoSUM6J0FjdGlvbkNvbnRyb2xsZXI6OkZsYXNoOjpGbGFzaEhh%0Ac2h7AAY6CkB1c2VkewA%3D--e1198d90a9626ed5245fbfc379bfd9e51825d220
  Parameters: {"commit"=>"Create", "post"=>{"title"=>"Titre 1", "body"=>"Corps 1. Corps 1. Corps 1. Corps 1. Corps 1. Corps 1. Corps 1. Corps 1. ", "published"=>"1"}, "authenticity_token"=>"cf0538dfcc02c035f8c20cbaac36d124d71340b5", "action"=>"create", "controller"=>"posts"}
  [4;36;1mPost Create (0.001717)[0m   [0;1mINSERT INTO posts ("updated_at", "body", "title", "published", "created_at") VALUES('2008-03-06 18:21:57', 'Corps 1. Corps 1. Corps 1. Corps 1. Corps 1. Corps 1. Corps 1. Corps 1. ', 'Titre 1', 't', '2008-03-06 18:21:57')[0m
Redirected to http://localhost:3000/posts/1
Completed in 0.03791 (26 reqs/sec) | DB: 0.00172 (4%) | 302 Found [http://localhost/posts]


Processing PostsController#show (for 127.0.0.1 at 2008-03-06 18:21:57) [GET]
  Session ID: BAh7BzoMY3NyZl9pZCIlMzcwOTI4YWZkZDcxNmRmNzNkMTc1ZmZlZTdlYzAw%0AMzEiCmZsYXNoSUM6J0FjdGlvbkNvbnRyb2xsZXI6OkZsYXNoOjpGbGFzaEhh%0Ac2h7BjoLbm90aWNlIiNQb3N0IHdhcyBzdWNjZXNzZnVsbHkgY3JlYXRlZC4G%0AOgpAdXNlZHsGOwdU--440b45354a7cf14b670d5ba661b37ef66024a290
  Parameters: {"action"=>"show", "id"=>"1", "controller"=>"posts"}
  [4;35;1mPost Load (0.001081)[0m   [0mSELECT * FROM posts WHERE (posts."id" = 1) [0m
Rendering template within layouts/posts
Rendering posts/show
Completed in 0.02804 (35 reqs/sec) | Rendering: 0.00802 (28%) | DB: 0.00108 (3%) | 200 OK [http://localhost/posts/1]


Processing PostsController#index (for 127.0.0.1 at 2008-03-06 18:22:00) [GET]
  Session ID: BAh7BzoMY3NyZl9pZCIlMzcwOTI4YWZkZDcxNmRmNzNkMTc1ZmZlZTdlYzAw%0AMzEiCmZsYXNoSUM6J0FjdGlvbkNvbnRyb2xsZXI6OkZsYXNoOjpGbGFzaEhh%0Ac2h7AAY6CkB1c2VkewA%3D--e1198d90a9626ed5245fbfc379bfd9e51825d220
  Parameters: {"action"=>"index", "controller"=>"posts"}
  [4;36;1mPost Load (0.001360)[0m   [0;1mSELECT * FROM posts [0m
Rendering template within layouts/posts
Rendering posts/index
Completed in 0.02586 (38 reqs/sec) | Rendering: 0.00988 (38%) | DB: 0.00136 (5%) | 200 OK [http://localhost/posts]


Processing ApplicationController#index (for 127.0.0.1 at 2008-03-06 18:25:18) [GET]
  Session ID: BAh7BzoMY3NyZl9pZCIlMzcwOTI4YWZkZDcxNmRmNzNkMTc1ZmZlZTdlYzAw%0AMzEiCmZsYXNoSUM6J0FjdGlvbkNvbnRyb2xsZXI6OkZsYXNoOjpGbGFzaEhh%0Ac2h7AAY6CkB1c2VkewA%3D--e1198d90a9626ed5245fbfc379bfd9e51825d220
  Parameters: {}


ActionController::RoutingError (No route matches "/post/show/" with {:method=>:get}):
    /var/lib/gems/1.8/gems/actionpack-2.0.2/lib/action_controller/routing.rb:1441:in `recognize_path'
    /var/lib/gems/1.8/gems/actionpack-2.0.2/lib/action_controller/routing.rb:1424:in `recognize'
    /var/lib/gems/1.8/gems/actionpack-2.0.2/lib/action_controller/dispatcher.rb:170:in `handle_request'
    /var/lib/gems/1.8/gems/actionpack-2.0.2/lib/action_controller/dispatcher.rb:115:in `dispatch'
    /var/lib/gems/1.8/gems/actionpack-2.0.2/lib/action_controller/dispatcher.rb:126:in `dispatch_cgi'
    /var/lib/gems/1.8/gems/actionpack-2.0.2/lib/action_controller/dispatcher.rb:9:in `dispatch'
    /var/lib/gems/1.8/gems/rails-2.0.2/lib/webrick_server.rb:112:in `handle_dispatch'
    /var/lib/gems/1.8/gems/rails-2.0.2/lib/webrick_server.rb:78:in `service'
    /usr/lib/ruby/1.8/webrick/httpserver.rb:104:in `service'
    /usr/lib/ruby/1.8/webrick/httpserver.rb:65:in `run'
    /usr/lib/ruby/1.8/webrick/server.rb:173:in `start_thread'
    /usr/lib/ruby/1.8/webrick/server.rb:162:in `start'
    /usr/lib/ruby/1.8/webrick/server.rb:162:in `start_thread'
    /usr/lib/ruby/1.8/webrick/server.rb:95:in `start'
    /usr/lib/ruby/1.8/webrick/server.rb:92:in `each'
    /usr/lib/ruby/1.8/webrick/server.rb:92:in `start'
    /usr/lib/ruby/1.8/webrick/server.rb:23:in `start'
    /usr/lib/ruby/1.8/webrick/server.rb:82:in `start'
    /var/lib/gems/1.8/gems/rails-2.0.2/lib/webrick_server.rb:62:in `dispatch'
    /var/lib/gems/1.8/gems/rails-2.0.2/lib/commands/servers/webrick.rb:66
    /usr/lib/ruby/1.8/rubygems/custom_require.rb:27:in `gem_original_require'
    /usr/lib/ruby/1.8/rubygems/custom_require.rb:27:in `require'
    /var/lib/gems/1.8/gems/activesupport-2.0.2/lib/active_support/dependencies.rb:496:in `require'
    /var/lib/gems/1.8/gems/activesupport-2.0.2/lib/active_support/dependencies.rb:342:in `new_constants_in'
    /var/lib/gems/1.8/gems/activesupport-2.0.2/lib/active_support/dependencies.rb:496:in `require'
    /var/lib/gems/1.8/gems/rails-2.0.2/lib/commands/server.rb:39
    /usr/lib/ruby/1.8/rubygems/custom_require.rb:27:in `gem_original_require'
    /usr/lib/ruby/1.8/rubygems/custom_require.rb:27:in `require'
    script/server:3

Rendering /var/lib/gems/1.8/gems/actionpack-2.0.2/lib/action_controller/templates/rescues/layout.erb (not_found)


Processing ApplicationController#index (for 127.0.0.1 at 2008-03-06 18:25:21) [GET]
  Session ID: BAh7BzoMY3NyZl9pZCIlMzcwOTI4YWZkZDcxNmRmNzNkMTc1ZmZlZTdlYzAw%0AMzEiCmZsYXNoSUM6J0FjdGlvbkNvbnRyb2xsZXI6OkZsYXNoOjpGbGFzaEhh%0Ac2h7AAY6CkB1c2VkewA%3D--e1198d90a9626ed5245fbfc379bfd9e51825d220
  Parameters: {}


ActionController::RoutingError (No route matches "/post/show/1" with {:method=>:get}):
    /var/lib/gems/1.8/gems/actionpack-2.0.2/lib/action_controller/routing.rb:1441:in `recognize_path'
    /var/lib/gems/1.8/gems/actionpack-2.0.2/lib/action_controller/routing.rb:1424:in `recognize'
    /var/lib/gems/1.8/gems/actionpack-2.0.2/lib/action_controller/dispatcher.rb:170:in `handle_request'
    /var/lib/gems/1.8/gems/actionpack-2.0.2/lib/action_controller/dispatcher.rb:115:in `dispatch'
    /var/lib/gems/1.8/gems/actionpack-2.0.2/lib/action_controller/dispatcher.rb:126:in `dispatch_cgi'
    /var/lib/gems/1.8/gems/actionpack-2.0.2/lib/action_controller/dispatcher.rb:9:in `dispatch'
    /var/lib/gems/1.8/gems/rails-2.0.2/lib/webrick_server.rb:112:in `handle_dispatch'
    /var/lib/gems/1.8/gems/rails-2.0.2/lib/webrick_server.rb:78:in `service'
    /usr/lib/ruby/1.8/webrick/httpserver.rb:104:in `service'
    /usr/lib/ruby/1.8/webrick/httpserver.rb:65:in `run'
    /usr/lib/ruby/1.8/webrick/server.rb:173:in `start_thread'
    /usr/lib/ruby/1.8/webrick/server.rb:162:in `start'
    /usr/lib/ruby/1.8/webrick/server.rb:162:in `start_thread'
    /usr/lib/ruby/1.8/webrick/server.rb:95:in `start'
    /usr/lib/ruby/1.8/webrick/server.rb:92:in `each'
    /usr/lib/ruby/1.8/webrick/server.rb:92:in `start'
    /usr/lib/ruby/1.8/webrick/server.rb:23:in `start'
    /usr/lib/ruby/1.8/webrick/server.rb:82:in `start'
    /var/lib/gems/1.8/gems/rails-2.0.2/lib/webrick_server.rb:62:in `dispatch'
    /var/lib/gems/1.8/gems/rails-2.0.2/lib/commands/servers/webrick.rb:66
    /usr/lib/ruby/1.8/rubygems/custom_require.rb:27:in `gem_original_require'
    /usr/lib/ruby/1.8/rubygems/custom_require.rb:27:in `require'
    /var/lib/gems/1.8/gems/activesupport-2.0.2/lib/active_support/dependencies.rb:496:in `require'
    /var/lib/gems/1.8/gems/activesupport-2.0.2/lib/active_support/dependencies.rb:342:in `new_constants_in'
    /var/lib/gems/1.8/gems/activesupport-2.0.2/lib/active_support/dependencies.rb:496:in `require'
    /var/lib/gems/1.8/gems/rails-2.0.2/lib/commands/server.rb:39
    /usr/lib/ruby/1.8/rubygems/custom_require.rb:27:in `gem_original_require'
    /usr/lib/ruby/1.8/rubygems/custom_require.rb:27:in `require'
    script/server:3

Rendering /var/lib/gems/1.8/gems/actionpack-2.0.2/lib/action_controller/templates/rescues/layout.erb (not_found)


Processing PostsController#show (for 127.0.0.1 at 2008-03-06 18:25:28) [GET]
  Session ID: BAh7BzoMY3NyZl9pZCIlMzcwOTI4YWZkZDcxNmRmNzNkMTc1ZmZlZTdlYzAw%0AMzEiCmZsYXNoSUM6J0FjdGlvbkNvbnRyb2xsZXI6OkZsYXNoOjpGbGFzaEhh%0Ac2h7AAY6CkB1c2VkewA%3D--e1198d90a9626ed5245fbfc379bfd9e51825d220
  Parameters: {"action"=>"show", "id"=>"1", "controller"=>"posts"}
  [4;35;1mPost Load (0.001049)[0m   [0mSELECT * FROM posts WHERE (posts."id" = 1) [0m
Rendering template within layouts/posts
Rendering posts/show
Completed in 0.02476 (40 reqs/sec) | Rendering: 0.00575 (23%) | DB: 0.00105 (4%) | 200 OK [http://localhost/posts/show/1]
